c:\qt\qtprojects\picdemo2\x64\debug\vc120.pdb
c:\qt\qtprojects\picdemo2\x64\debug\screenutils.obj
c:\qt\qtprojects\picdemo2\x64\debug\pictureview.obj
c:\qt\qtprojects\picdemo2\x64\debug\menuwidget.obj
c:\qt\qtprojects\picdemo2\x64\debug\main.obj
c:\qt\qtprojects\picdemo2\x64\debug\kinectimpl.obj
c:\qt\qtprojects\picdemo2\x64\debug\moc_pictureview.obj
c:\qt\qtprojects\picdemo2\x64\debug\moc_menuwidget.obj
c:\qt\qtprojects\picdemo2\x64\debug\moc_kinectimpl.obj
c:\qt\qtprojects\picdemo2\x64\debug\moc_basewidget.obj
c:\qt\qtprojects\picdemo2\x64\debug\basewidget.obj
c:\qt\qtprojects\picdemo2\debug\moc_basewidget.cpp
c:\qt\qtprojects\picdemo2\debug\moc_kinectimpl.cpp
c:\qt\qtprojects\picdemo2\debug\moc_menuwidget.cpp
c:\qt\qtprojects\picdemo2\debug\moc_pictureview.cpp
c:\qt\qtprojects\picdemo2\x64\debug\picdemo2.tlog\cl.command.1.tlog
c:\qt\qtprojects\picdemo2\x64\debug\picdemo2.tlog\cl.read.1.tlog
c:\qt\qtprojects\picdemo2\x64\debug\picdemo2.tlog\cl.write.1.tlog
c:\qt\qtprojects\picdemo2\x64\debug\picdemo2.tlog\custombuild.command.1.tlog
c:\qt\qtprojects\picdemo2\x64\debug\picdemo2.tlog\custombuild.read.1.tlog
c:\qt\qtprojects\picdemo2\x64\debug\picdemo2.tlog\custombuild.write.1.tlog
c:\qt\qtprojects\picdemo2\x64\debug\picdemo2.tlog\link-cvtres.read.1.tlog
c:\qt\qtprojects\picdemo2\x64\debug\picdemo2.tlog\link-cvtres.write.1.tlog
c:\qt\qtprojects\picdemo2\x64\debug\picdemo2.tlog\link-rc.read.1.tlog
c:\qt\qtprojects\picdemo2\x64\debug\picdemo2.tlog\link-rc.write.1.tlog
c:\qt\qtprojects\picdemo2\x64\debug\picdemo2.tlog\link.command.1.tlog
c:\qt\qtprojects\picdemo2\x64\debug\picdemo2.tlog\link.read.1.tlog
c:\qt\qtprojects\picdemo2\x64\debug\picdemo2.tlog\link.write.1.tlog
